SF:C:\AI-BOS\eBoard\shared\utils.ts
FN:3,generateId
FN:7,formatDate
FN:11,getCurrentTimestamp
FN:22,createApiResponse
FN:35,logRequest
FNDA:1,generateId
FNDA:1,formatDate
FNDA:2,getCurrentTimestamp
FNDA:1,createApiResponse
FNDA:1,logRequest
FNF:5
FNH:5
BRF:0
BRH:0
DA:3,1
DA:4,2
DA:5,2
DA:7,1
DA:8,2
DA:9,2
DA:11,1
DA:12,3
DA:13,3
DA:22,1
DA:23,1
DA:24,1
DA:25,1
DA:27,2
DA:28,2
DA:29,2
DA:30,2
DA:31,2
DA:32,2
DA:33,2
DA:35,1
DA:36,2
DA:37,2
LH:23
LF:23
end_of_record
SF:C:\AI-BOS\eBoard\shared\validation.ts
FNF:0
FNH:0
BRF:0
BRH:0
DA:2,1
DA:13,1
DA:14,1
DA:15,1
DA:16,1
DA:17,5
DA:18,1
DA:19,1
DA:20,1
DA:32,1
DA:33,1
DA:34,1
DA:35,1
DA:36,1
DA:37,5
DA:38,1
DA:39,1
DA:40,1
DA:48,1
DA:49,1
DA:50,1
DA:51,5
DA:52,1
DA:60,1
DA:61,1
DA:62,1
DA:63,1
DA:64,1
DA:72,1
DA:73,1
DA:74,1
DA:75,1
DA:76,1
LH:33
LF:33
end_of_record
